SNAPSHOT-1.0/app/build/intermediates/manifest_merge_blame_file/release/manifest-merger-blame-release-report.txt
1<?xml version="1.0" encoding="utf-8"?>
2<manifest xmlns:android="http://schemas.android.com/apk/res/android"
3    package="com.example.app"
4    android:versionCode="1"
5    android:versionName="1.0" >
6
7    <uses-sdk
8        android:minSdkVersion="23"
8-->src/main/AndroidManifest.xml
9        android:targetSdkVersion="30" />
9-->src/main/AndroidManifest.xml
10
11    <uses-permission android:name="android.permission.ACCESS_NETWORK_STATE" />
11-->[:library:] AndroidManifest.xml:11:5-79
11-->[:library:] AndroidManifest.xml:11:22-76
12    <uses-permission android:name="android.permission.ACCESS_WIFI_STATE" />
12-->[:library:] AndroidManifest.xml:12:5-76
12-->[:library:] AndroidManifest.xml:12:22-73
13    <uses-permission android:name="android.permission.INTERNET" />
13-->[:library:] AndroidManifest.xml:13:5-67
13-->[:library:] AndroidManifest.xml:13:22-64
14
15    <application
15-->src/main/AndroidManifest.xml:6:5-83:19
16        android:allowBackup="true"
16-->src/main/AndroidManifest.xml:8:9-35
17        android:extractNativeLibs="false"
18        android:icon="@mipmap/ic_launcher"
18-->src/main/AndroidManifest.xml:9:9-43
19        android:label="@string/app_name"
19-->src/main/AndroidManifest.xml:10:9-41
20        android:roundIcon="@mipmap/ic_launcher_round"
20-->src/main/AndroidManifest.xml:11:9-54
21        android:supportsRtl="true"
21-->src/main/AndroidManifest.xml:12:9-35
22        android:theme="@style/Theme.App" >
22-->src/main/AndroidManifest.xml:13:9-41
23        <activity android:name="com.example.app.MainActivity" >
23-->src/main/AndroidManifest.xml:14:9-20:20
23-->src/main/AndroidManifest.xml:14:19-47
24            <intent-filter>
24-->src/main/AndroidManifest.xml:15:13-19:29
25                <action android:name="android.intent.action.MAIN" />
25-->src/main/AndroidManifest.xml:16:17-69
25-->src/main/AndroidManifest.xml:16:25-66
26
27                <category android:name="android.intent.category.LAUNCHER" />
27-->src/main/AndroidManifest.xml:18:17-77
27-->src/main/AndroidManifest.xml:18:27-74
28            </intent-filter>
29        </activity>
30        <activity android:name="com.example.app.DummyActivity1" />
30-->src/main/AndroidManifest.xml:21:9-61
30-->src/main/AndroidManifest.xml:21:19-49
31        <activity android:name="com.example.app.DummyActivity2" />
31-->src/main/AndroidManifest.xml:23:9-61
31-->src/main/AndroidManifest.xml:23:19-49
32        <activity android:name="com.example.app.DummyActivity3" />
32-->src/main/AndroidManifest.xml:25:9-61
32-->src/main/AndroidManifest.xml:25:19-49
33        <activity android:name="com.example.app.DummyActivity4" />
33-->src/main/AndroidManifest.xml:27:9-61
33-->src/main/AndroidManifest.xml:27:19-49
34        <activity android:name="com.example.app.DummyActivity5" />
34-->src/main/AndroidManifest.xml:29:9-61
34-->src/main/AndroidManifest.xml:29:19-49
35        <activity android:name="com.example.app.DummyActivity6" />
35-->src/main/AndroidManifest.xml:31:9-61
35-->src/main/AndroidManifest.xml:31:19-49
36        <activity android:name="com.example.app.DummyActivity7" />
36-->src/main/AndroidManifest.xml:33:9-61
36-->src/main/AndroidManifest.xml:33:19-49
37        <activity android:name="com.example.app.DummyActivity8" />
37-->src/main/AndroidManifest.xml:35:9-61
37-->src/main/AndroidManifest.xml:35:19-49
38        <activity android:name="com.example.app.DummyActivity9" />
38-->src/main/AndroidManifest.xml:37:9-61
38-->src/main/AndroidManifest.xml:37:19-49
39        <activity android:name="com.example.app.DummyActivity10" />
39-->src/main/AndroidManifest.xml:39:9-62
39-->src/main/AndroidManifest.xml:39:19-50
40        <activity android:name="com.example.app.DummyActivity11" />
40-->src/main/AndroidManifest.xml:41:9-62
40-->src/main/AndroidManifest.xml:41:19-50
41        <activity android:name="com.example.app.DummyActivity12" />
41-->src/main/AndroidManifest.xml:43:9-62
41-->src/main/AndroidManifest.xml:43:19-50
42        <activity android:name="com.example.app.DummyActivity13" />
42-->src/main/AndroidManifest.xml:45:9-62
42-->src/main/AndroidManifest.xml:45:19-50
43        <activity android:name="com.example.app.DummyActivity14" />
43-->src/main/AndroidManifest.xml:47:9-62
43-->src/main/AndroidManifest.xml:47:19-50
44        <activity android:name="com.example.app.DummyActivity15" />
44-->src/main/AndroidManifest.xml:49:9-62
44-->src/main/AndroidManifest.xml:49:19-50
45        <activity android:name="com.example.app.DummyActivity16" />
45-->src/main/AndroidManifest.xml:51:9-62
45-->src/main/AndroidManifest.xml:51:19-50
46        <activity android:name="com.example.app.DummyActivity17" />
46-->src/main/AndroidManifest.xml:53:9-62
46-->src/main/AndroidManifest.xml:53:19-50
47        <activity android:name="com.example.app.DummyActivity18" />
47-->src/main/AndroidManifest.xml:55:9-62
47-->src/main/AndroidManifest.xml:55:19-50
48        <activity android:name="com.example.app.DummyActivity19" />
48-->src/main/AndroidManifest.xml:57:9-62
48-->src/main/AndroidManifest.xml:57:19-50
49        <activity android:name="com.example.app.DummyActivity20" />
49-->src/main/AndroidManifest.xml:59:9-62
49-->src/main/AndroidManifest.xml:59:19-50
50        <activity android:name="com.example.app.DummyActivity21" />
50-->src/main/AndroidManifest.xml:61:9-62
50-->src/main/AndroidManifest.xml:61:19-50
51        <activity android:name="com.example.app.DummyActivity22" />
51-->src/main/AndroidManifest.xml:63:9-62
51-->src/main/AndroidManifest.xml:63:19-50
52        <activity android:name="com.example.app.DummyActivity23" />
52-->src/main/AndroidManifest.xml:65:9-62
52-->src/main/AndroidManifest.xml:65:19-50
53        <activity android:name="com.example.app.DummyActivity24" />
53-->src/main/AndroidManifest.xml:67:9-62
53-->src/main/AndroidManifest.xml:67:19-50
54        <activity android:name="com.example.app.DummyActivity25" />
54-->src/main/AndroidManifest.xml:69:9-62
54-->src/main/AndroidManifest.xml:69:19-50
55        <activity android:name="com.example.app.DummyActivity26" />
55-->src/main/AndroidManifest.xml:71:9-62
55-->src/main/AndroidManifest.xml:71:19-50
56        <activity android:name="com.example.app.DummyActivity27" />
56-->src/main/AndroidManifest.xml:73:9-62
56-->src/main/AndroidManifest.xml:73:19-50
57        <activity android:name="com.example.app.DummyActivity28" />
57-->src/main/AndroidManifest.xml:75:9-62
57-->src/main/AndroidManifest.xml:75:19-50
58        <activity android:name="com.example.app.DummyActivity29" />
58-->src/main/AndroidManifest.xml:77:9-62
58-->src/main/AndroidManifest.xml:77:19-50
59        <activity android:name="com.example.app.DummyActivity30" />
59-->src/main/AndroidManifest.xml:79:9-62
59-->src/main/AndroidManifest.xml:79:19-50
60        <activity android:name="com.example.app.DummyActivity31" />
60-->src/main/AndroidManifest.xml:81:9-62
60-->src/main/AndroidManifest.xml:81:19-50
61    </application>
62
63</manifest>